Sync Explicit (1): qt5ct-1.8-1
resolving dependencies...
looking for conflicting packages...

Packages (4) qt5-base-5.15.13+kde+r147-1  qt5-svg-5.15.13+kde+r6-1  qt5-translations-5.15.13-1  qt5ct-1.8-1

Total Download Size:    0.14 MiB
Total Installed Size:  78.96 MiB

:: Proceed with installation? [Y/n] 
:: Retrieving packages...
 qt5ct-1.8-1-x86_64 downloading...
 qt5-svg-5.15.13+kde+r6-1-x86_64 downloading...
checking keyring...
checking package integrity...
loading package files...
checking for file conflicts...
checking available disk space...
:: Processing package changes...
installing qt5-translations...
installing qt5-base...
Optional dependencies for qt5-base
    qt5-svg: to use SVG icon themes [pending]
    qt5-wayland: to run Qt applications in a Wayland session
    postgresql-libs: PostgreSQL driver
    mariadb-libs: MariaDB driver
    unixodbc: ODBC driver
    libfbclient: Firebird/iBase driver
    freetds: MS SQL driver
    gtk3: GTK platform plugin [installed]
    perl: for fixqt4headers and syncqt [installed]
installing qt5-svg...
installing qt5ct...
:: Running post-transaction hooks...
(1/2) Arming ConditionNeedsUpdate...
(2/2) Updating the desktop file MIME type cache...
Sync Explicit (1): qt5-wayland-5.15.13+kde+r60-1
resolving dependencies...
looking for conflicting packages...

Packages (2) qt5-declarative-5.15.13+kde+r30-1  qt5-wayland-5.15.13+kde+r60-1

Total Download Size:    5.83 MiB
Total Installed Size:  28.90 MiB

:: Proceed with installation? [Y/n] 
:: Retrieving packages...
 qt5-declarative-5.15.13+kde+r30-1-x86_64 downloading...
 qt5-wayland-5.15.13+kde+r60-1-x86_64 downloading...
error: failed retrieving file 'qt5-declarative-5.15.13+kde+r30-1-x86_64.pkg.tar.zst' from mirrors.tuna.tsinghua.edu.cn : Operation too slow. Less than 1 bytes/sec transferred the last 10 seconds
error: failed retrieving file 'qt5-declarative-5.15.13+kde+r30-1-x86_64.pkg.tar.zst' from america.mirror.pkgbuild.com : Could not resolve host: america.mirror.pkgbuild.com
warning: fatal error from america.mirror.pkgbuild.com, skipping for the remainder of this transaction
error: failed retrieving file 'qt5-wayland-5.15.13+kde+r60-1-x86_64.pkg.tar.zst' from mirrors.tuna.tsinghua.edu.cn : Operation too slow. Less than 1 bytes/sec transferred the last 10 seconds
checking keyring...
checking package integrity...
loading package files...
checking for file conflicts...
checking available disk space...
:: Processing package changes...
installing qt5-declarative...
installing qt5-wayland...
:: Running post-transaction hooks...
(1/1) Arming ConditionNeedsUpdate...
Sync Explicit (1): thunar-4.18.10-2
resolving dependencies...
looking for conflicting packages...

Packages (8) exo-4.18.0-1  libexif-0.6.24-2  libgtop-2.41.3-2  libnotify-0.8.3-1  libxfce4ui-4.18.6-1  libxfce4util-4.18.2-1  xfconf-4.18.3-1  thunar-4.18.10-2

Total Download Size:    3.15 MiB
Total Installed Size:  19.15 MiB

:: Proceed with installation? [Y/n] 
:: Retrieving packages...
 thunar-4.18.10-2-x86_64 downloading...
error: failed retrieving file 'thunar-4.18.10-2-x86_64.pkg.tar.zst.sig' from mirrors.tuna.tsinghua.edu.cn : Operation too slow. Less than 1 bytes/sec transferred the last 10 seconds
warning: failed to retrieve some files
error: failed to commit transaction (download library error)
Errors occurred, no packages were upgraded.
 -> error installing repo packages
Sync Explicit (1): thunar-4.18.10-2
resolving dependencies...
looking for conflicting packages...

Packages (8) exo-4.18.0-1  libexif-0.6.24-2  libgtop-2.41.3-2  libnotify-0.8.3-1  libxfce4ui-4.18.6-1  libxfce4util-4.18.2-1  xfconf-4.18.3-1  thunar-4.18.10-2

Total Download Size:    1.70 MiB
Total Installed Size:  19.15 MiB

:: Proceed with installation? [Y/n] 
:: Retrieving packages...
 thunar-4.18.10-2-x86_64 downloading...
 libexif-0.6.24-2-x86_64 downloading...
 libxfce4ui-4.18.6-1-x86_64 downloading...
 exo-4.18.0-1-x86_64 downloading...
 libgtop-2.41.3-2-x86_64 downloading...
 xfconf-4.18.3-1-x86_64 downloading...
 libxfce4util-4.18.2-1-x86_64 downloading...
 libnotify-0.8.3-1-x86_64 downloading...
error: failed retrieving file 'libexif-0.6.24-2-x86_64.pkg.tar.zst' from mirrors.tuna.tsinghua.edu.cn : Operation too slow. Less than 1 bytes/sec transferred the last 10 seconds
error: failed retrieving file 'libexif-0.6.24-2-x86_64.pkg.tar.zst' from america.mirror.pkgbuild.com : Could not resolve host: america.mirror.pkgbuild.com
warning: fatal error from america.mirror.pkgbuild.com, skipping for the remainder of this transaction
error: failed retrieving file 'libexif-0.6.24-2-x86_64.pkg.tar.zst' from mirror.ufscar.br : Could not resolve host: mirror.ufscar.br
warning: fatal error from mirror.ufscar.br, skipping for the remainder of this transaction
error: failed retrieving file 'libxfce4ui-4.18.6-1-x86_64.pkg.tar.zst' from mirrors.tuna.tsinghua.edu.cn : Operation too slow. Less than 1 bytes/sec transferred the last 10 seconds
checking keyring...
checking package integrity...
loading package files...
checking for file conflicts...
checking available disk space...
:: Processing package changes...
installing libexif...
installing libnotify...
installing libxfce4util...
installing xfconf...
installing libgtop...
installing libxfce4ui...
installing exo...
installing thunar...
Optional dependencies for thunar
    catfish: file searching
    gvfs: trash support, mounting with udisk and remote filesystems
    tumbler: thumbnail previews
    thunar-volman: removable device management
    thunar-archive-plugin: archive creation and extraction
    thunar-media-tags-plugin: view/edit ID3/OGG tags
:: Running post-transaction hooks...
(1/6) Reloading user manager configuration...
(2/6) Arming ConditionNeedsUpdate...
(3/6) Updating GIO module cache...
(4/6) Updating icon theme caches...
(5/6) Updating the info directory file...
(6/6) Updating the desktop file MIME type cache...
Sync Explicit (1): ristretto-0.13.2-1
resolving dependencies...
looking for conflicting packages...

Packages (2) tumbler-4.18.2-1  ristretto-0.13.2-1

Total Download Size:   0.42 MiB
Total Installed Size:  1.88 MiB

:: Proceed with installation? [Y/n] 
:: Retrieving packages...
 ristretto-0.13.2-1-x86_64 downloading...
 tumbler-4.18.2-1-x86_64 downloading...
checking keyring...
checking package integrity...
loading package files...
checking for file conflicts...
checking available disk space...
:: Processing package changes...
installing tumbler...
Optional dependencies for tumbler
    ffmpegthumbnailer: video thumbnails
    poppler-glib: PDF thumbnails
    libgsf: ODF thumbnails
    libgepub: EPUB thumbnails
    libopenraw: RAW thumbnails
    freetype2: font thumbnails [installed]
installing ristretto...
:: Running post-transaction hooks...
(1/4) Reloading user manager configuration...
(2/4) Arming ConditionNeedsUpdate...
(3/4) Updating icon theme caches...
(4/4) Updating the desktop file MIME type cache...
Sync Explicit (1): sddm-0.21.0-4
resolving dependencies...
looking for conflicting packages...

Packages (4) xf86-input-libinput-1.4.0-1  xorg-server-21.1.13-1  xorg-xauth-1.1.3-1  sddm-0.21.0-4

Total Download Size:   5.03 MiB
Total Installed Size:  9.03 MiB

:: Proceed with installation? [Y/n] 
:: Retrieving packages...
 sddm-0.21.0-4-x86_64 downloading...
error: failed retrieving file 'sddm-0.21.0-4-x86_64.pkg.tar.zst.sig' from mirrors.tuna.tsinghua.edu.cn : Operation too slow. Less than 1 bytes/sec transferred the last 10 seconds
warning: failed to retrieve some files
error: failed to commit transaction (download library error)
Errors occurred, no packages were upgraded.
 -> error installing repo packages
Sync Explicit (1): sddm-0.21.0-4
resolving dependencies...
looking for conflicting packages...

Packages (4) xf86-input-libinput-1.4.0-1  xorg-server-21.1.13-1  xorg-xauth-1.1.3-1  sddm-0.21.0-4

Total Download Size:   1.48 MiB
Total Installed Size:  9.03 MiB

:: Proceed with installation? [Y/n] 
:: Retrieving packages...
 sddm-0.21.0-4-x86_64 downloading...
 xorg-server-21.1.13-1-x86_64 downloading...
 xf86-input-libinput-1.4.0-1-x86_64 downloading...
 xorg-xauth-1.1.3-1-x86_64 downloading...
error: failed retrieving file 'sddm-0.21.0-4-x86_64.pkg.tar.zst' from mirrors.tuna.tsinghua.edu.cn : Could not resolve host: mirrors.tuna.tsinghua.edu.cn
warning: fatal error from mirrors.tuna.tsinghua.edu.cn, skipping for the remainder of this transaction
checking keyring...
checking package integrity...
loading package files...
checking for file conflicts...
checking available disk space...
:: Processing package changes...
installing xf86-input-libinput...
installing xorg-server...
>>> xorg-server has now the ability to run without root rights with
    the help of systemd-logind. xserver will fail to run if not launched
    from the same virtual terminal as was used to log in.
    Without root rights, log files will be in ~/.local/share/xorg/ directory.

    Old behavior can be restored through Xorg.wrap config file.
    See Xorg.wrap man page (man xorg.wrap).
installing xorg-xauth...
installing sddm...
Optional dependencies for sddm
    qt5-declarative: for using Qt5 themes [installed]
:: Running post-transaction hooks...
(1/5) Creating system user accounts...
Creating group 'sddm' with GID 970.
Creating user 'sddm' (SDDM Greeter Account) with UID 970 and GID 970.
(2/5) Reloading system manager configuration...
(3/5) Creating temporary files...
(4/5) Arming ConditionNeedsUpdate...
(5/5) Reloading system bus configuration...
Sync Explicit (1): swww-0.9.5-1
resolving dependencies...
looking for conflicting packages...

Packages (1) swww-0.9.5-1

Total Download Size:   1.31 MiB
Total Installed Size:  4.74 MiB

:: Proceed with installation? [Y/n] 
:: Retrieving packages...
 swww-0.9.5-1-x86_64 downloading...
error: failed retrieving file 'swww-0.9.5-1-x86_64.pkg.tar.zst.sig' from mirrors.tuna.tsinghua.edu.cn : Operation too slow. Less than 1 bytes/sec transferred the last 10 seconds
warning: failed to retrieve some files
error: failed to commit transaction (download library error)
Errors occurred, no packages were upgraded.
 -> error installing repo packages
Sync Explicit (1): swww-0.9.5-1
resolving dependencies...
looking for conflicting packages...

Packages (1) swww-0.9.5-1

Total Installed Size:  4.74 MiB

:: Proceed with installation? [Y/n] 
:: Retrieving packages...
 swww-0.9.5-1-x86_64 downloading...
error: failed retrieving file 'swww-0.9.5-1-x86_64.pkg.tar.zst' from mirrors.tuna.tsinghua.edu.cn : Connection time-out
warning: failed to retrieve some files
error: failed to commit transaction (download library error)
Errors occurred, no packages were upgraded.
 -> error installing repo packages
Sync Explicit (1): swww-0.9.5-1
resolving dependencies...
looking for conflicting packages...

Packages (1) swww-0.9.5-1

Total Installed Size:  4.74 MiB

:: Proceed with installation? [Y/n] 
:: Retrieving packages...
 swww-0.9.5-1-x86_64 downloading...
checking keyring...
checking package integrity...
loading package files...
checking for file conflicts...
checking available disk space...
:: Processing package changes...
installing swww...
:: Running post-transaction hooks...
(1/1) Arming ConditionNeedsUpdate...
Sync Explicit (1): btop-1.3.2-1
resolving dependencies...
looking for conflicting packages...

Packages (1) btop-1.3.2-1

Total Download Size:   0.54 MiB
Total Installed Size:  1.53 MiB

:: Proceed with installation? [Y/n] 
:: Retrieving packages...
 btop-1.3.2-1-x86_64 downloading...
checking keyring...
checking package integrity...
loading package files...
checking for file conflicts...
checking available disk space...
:: Processing package changes...
installing btop...
Optional dependencies for btop
    rocm-smi-lib: AMD GPU support
:: Running post-transaction hooks...
(1/3) Arming ConditionNeedsUpdate...
(2/3) Updating icon theme caches...
(3/3) Updating the desktop file MIME type cache...
Sync Explicit (1): code-1.89.1-1
resolving dependencies...
looking for conflicting packages...

Packages (4) c-ares-1.29.0-1  electron28-28.3.3-1  ripgrep-14.1.0-1  code-1.89.1-1

Total Download Size:    82.90 MiB
Total Installed Size:  321.10 MiB

:: Proceed with installation? [Y/n] 
:: Retrieving packages...
 electron28-28.3.3-1-x86_64 downloading...
error: failed retrieving file 'electron28-28.3.3-1-x86_64.pkg.tar.zst' from mirrors.tuna.tsinghua.edu.cn : Operation too slow. Less than 1 bytes/sec transferred the last 10 seconds
error: failed retrieving file 'electron28-28.3.3-1-x86_64.pkg.tar.zst' from america.mirror.pkgbuild.com : Could not resolve host: america.mirror.pkgbuild.com
warning: fatal error from america.mirror.pkgbuild.com, skipping for the remainder of this transaction
error: failed retrieving file 'electron28-28.3.3-1-x86_64.pkg.tar.zst.sig' from mirror.ufscar.br : Operation too slow. Less than 1 bytes/sec transferred the last 10 seconds
warning: failed to retrieve some files
error: failed to commit transaction (download library error)
Errors occurred, no packages were upgraded.
 -> error installing repo packages
Sync Explicit (1): code-1.89.1-1
resolving dependencies...
looking for conflicting packages...

Packages (4) c-ares-1.29.0-1  electron28-28.3.3-1  ripgrep-14.1.0-1  code-1.89.1-1

Total Download Size:    16.25 MiB
Total Installed Size:  321.10 MiB

:: Proceed with installation? [Y/n] 
:: Retrieving packages...
 electron28-28.3.3-1-x86_64 downloading...
 code-1.89.1-1-x86_64 downloading...
error: failed retrieving file 'code-1.89.1-1-x86_64.pkg.tar.zst.sig' from mirrors.tuna.tsinghua.edu.cn : Operation too slow. Less than 1 bytes/sec transferred the last 10 seconds
warning: failed to retrieve some files
error: failed to commit transaction (download library error)
Errors occurred, no packages were upgraded.
 -> error installing repo packages
Sync Explicit (1): code-1.89.1-1
resolving dependencies...
looking for conflicting packages...

Packages (4) c-ares-1.29.0-1  electron28-28.3.3-1  ripgrep-14.1.0-1  code-1.89.1-1

Total Download Size:     1.73 MiB
Total Installed Size:  321.10 MiB

:: Proceed with installation? [Y/n] 
:: Retrieving packages...
 code-1.89.1-1-x86_64 downloading...
 ripgrep-14.1.0-1-x86_64 downloading...
 c-ares-1.29.0-1-x86_64 downloading...
checking keyring...
checking package integrity...
loading package files...
checking for file conflicts...
checking available disk space...
:: Processing package changes...
installing c-ares...
installing electron28...
Optional dependencies for electron28
    kde-cli-tools: file deletion support (kioclient5)
    pipewire: WebRTC desktop sharing under Wayland [installed]
    qt5-base: enable Qt5 with --enable-features=AllowQt [installed]
    gtk4: for --gtk-version=4 (GTK4 IME might work better on Wayland) [installed]
    trash-cli: file deletion support (trash-put)
    xdg-utils: open URLs with desktopâ€™s default (xdg-email, xdg-open) [installed]
installing ripgrep...
installing code...
Optional dependencies for code
    bash-completion: Bash completions
    zsh-completions: ZSH completitons
    x11-ssh-askpass: SSH authentication
:: Running post-transaction hooks...
(1/2) Arming ConditionNeedsUpdate...
(2/2) Updating the desktop file MIME type cache...
AUR Explicit (1): udev-media-automount-60.c9859b7-1
:: [1m(1/1) Downloaded PKGBUILD: udev-media-automount[0m
  1 udev-media-automount                     (Build Files Exist)
==> Packages to cleanBuild?
==> [N]one [A]ll [Ab]ort [I]nstalled [No]tInstalled or (1 2 3, 1-3, ^4)
==> 
  1 udev-media-automount                     (Build Files Exist)
==> Diffs to show?
==> [N]one [A]ll [Ab]ort [I]nstalled [No]tInstalled or (1 2 3, 1-3, ^4)
==> 
==> Making package: udev-media-automount 60.c9859b7-1 (Sat 25 May 2024 10:07:50 PM CST)
==> Retrieving sources...
  -> Cloning udev-media-automount git repo...
Cloning into bare repository '/home/rocky/.cache/yay/udev-media-automount/udev-media-automount'...
==> WARNING: Skipping verification of source file PGP signatures.
==> Validating source files with md5sums...
    udev-media-automount ... Skipped
:: [1m(1/1) Parsing SRCINFO: udev-media-automount[0m
==> Making package: udev-media-automount 60.c9859b7-1 (Sat 25 May 2024 10:07:54 PM CST)
==> Checking runtime dependencies...
==> Checking buildtime dependencies...
==> Retrieving sources...
  -> Updating udev-media-automount git repo...
==> Validating source files with md5sums...
    udev-media-automount ... Skipped
==> Removing existing $srcdir/ directory...
==> Extracting sources...
  -> Creating working copy of udev-media-automount git repo...
Cloning into 'udev-media-automount'...
done.
==> Starting pkgver()...
==> Updated version: udev-media-automount 62.7f7aa15-1
==> Sources are ready.
==> Making package: udev-media-automount 62.7f7aa15-1 (Sat 25 May 2024 10:07:58 PM CST)
==> Checking runtime dependencies...
==> Checking buildtime dependencies...
==> WARNING: Using existing $srcdir/ tree
==> Starting pkgver()...
==> Entering fakeroot environment...
==> Starting package()...
install -D media-automount /home/rocky/.cache/yay/udev-media-automount/pkg/udev-media-automount/usr/bin/media-automount
install -D umount_dmenu /home/rocky/.cache/yay/udev-media-automount/pkg/udev-media-automount/usr/bin/umount_dmenu
install -Dm644 media-automount.rules /home/rocky/.cache/yay/udev-media-automount/pkg/udev-media-automount/usr/lib/udev/rules.d/99-media-automount.rules
install -Dm644 media-automount@.service /home/rocky/.cache/yay/udev-media-automount/pkg/udev-media-automount/usr/lib/systemd/system/media-automount@.service
install -d /home/rocky/.cache/yay/udev-media-automount/pkg/udev-media-automount/etc/media-automount.d
install -Cm644 media-automount.d/* /home/rocky/.cache/yay/udev-media-automount/pkg/udev-media-automount/etc/media-automount.d/
==> Tidying install...
  -> Removing libtool files...
  -> Purging unwanted files...
  -> Removing static library files...
  -> Stripping unneeded symbols from binaries and libraries...
  -> Compressing man and info pages...
==> Checking for packaging issues...
==> Creating package "udev-media-automount"...
  -> Generating .PKGINFO file...
  -> Generating .BUILDINFO file...
  -> Generating .MTREE file...
  -> Compressing package...
==> Leaving fakeroot environment.
==> Finished making: udev-media-automount 62.7f7aa15-1 (Sat 25 May 2024 10:08:00 PM CST)
==> Cleaning up...
loading packages...
resolving dependencies...
looking for conflicting packages...

Packages (1) udev-media-automount-62.7f7aa15-1

Total Installed Size:  0.01 MiB

:: Proceed with installation? [Y/n] 
checking keyring...
checking package integrity...
loading package files...
checking for file conflicts...
checking available disk space...
:: Processing package changes...
installing udev-media-automount...
:: Running post-transaction hooks...
(1/3) Reloading system manager configuration...
(2/3) Reloading device manager configuration...
(3/3) Arming ConditionNeedsUpdate...
Sync Explicit (1): qt6-5compat-6.7.0-2
resolving dependencies...
looking for conflicting packages...

Packages (2) qt6-shadertools-6.7.0-1  qt6-5compat-6.7.0-2

Total Download Size:   1.85 MiB
Total Installed Size:  5.78 MiB

:: Proceed with installation? [Y/n] 
:: Retrieving packages...
 qt6-shadertools-6.7.0-1-x86_64 downloading...
 qt6-5compat-6.7.0-2-x86_64 downloading...
error: failed retrieving file 'qt6-shadertools-6.7.0-1-x86_64.pkg.tar.zst' from mirrors.tuna.tsinghua.edu.cn : Operation too slow. Less than 1 bytes/sec transferred the last 10 seconds
error: failed retrieving file 'qt6-shadertools-6.7.0-1-x86_64.pkg.tar.zst' from america.mirror.pkgbuild.com : Could not resolve host: america.mirror.pkgbuild.com
warning: fatal error from america.mirror.pkgbuild.com, skipping for the remainder of this transaction
error: failed retrieving file 'qt6-shadertools-6.7.0-1-x86_64.pkg.tar.zst' from mirror.ufscar.br : Failed to connect to mirror.ufscar.br port 443 after 10002 ms: Timeout was reached
error: failed retrieving file 'qt6-5compat-6.7.0-2-x86_64.pkg.tar.zst' from mirrors.tuna.tsinghua.edu.cn : Operation too slow. Less than 1 bytes/sec transferred the last 10 seconds
checking keyring...
checking package integrity...
loading package files...
checking for file conflicts...
checking available disk space...
:: Processing package changes...
installing qt6-shadertools...
installing qt6-5compat...
Optional dependencies for qt6-5compat
    qt6-declarative: for QtGraphicalEffects [installed]
:: Running post-transaction hooks...
(1/1) Arming ConditionNeedsUpdate...
Sync Explicit (1): qt6-svg-6.7.0-1
resolving dependencies...
looking for conflicting packages...

Packages (1) qt6-svg-6.7.0-1

Total Download Size:   0.22 MiB
Total Installed Size:  0.77 MiB

:: Proceed with installation? [Y/n] 
:: Retrieving packages...
 qt6-svg-6.7.0-1-x86_64 downloading...
checking keyring...
checking package integrity...
loading package files...
checking for file conflicts...
checking available disk space...
:: Processing package changes...
installing qt6-svg...
:: Running post-transaction hooks...
(1/1) Arming ConditionNeedsUpdate...
Created symlink /etc/systemd/system/dbus-org.bluez.service â†’ /usr/lib/systemd/system/bluetooth.service.
Created symlink /etc/systemd/system/bluetooth.target.wants/bluetooth.service â†’ /usr/lib/systemd/system/bluetooth.service.
Created symlink /etc/systemd/system/display-manager.service â†’ /usr/lib/systemd/system/sddm.service.
[connection]
wifi.powersave = 2
